This is pdfeTeX, Version 3.141592-1.21a-2.2 (Web2C 7.5.4) (format=latex 2006.9.7)  29 NOV 2007 15:53
entering extended mode
**Mega-statistic
(./Mega-statistic.tex
LaTeX2e <2003/12/01>
Babel <v3.8d> and hyphenation patterns for american, french, german, ngerman, b
ahasa, basque, bulgarian, catalan, croatian, czech, danish, dutch, esperanto, e
stonian, finnish, greek, icelandic, irish, italian, latin, magyar, norsk, polis
h, portuges, romanian, russian, serbian, slovak, slovene, spanish, swedish, tur
kish, ukrainian, nohyphenation, loaded.

(/quadly/swt/linuxtools/apps/teTeX-3.0/share/texmf-dist/tex/latex/base/article.
cls
Document Class: article 2004/02/16 v1.4f Standard LaTeX document class

(/quadly/swt/linuxtools/apps/teTeX-3.0/share/texmf-dist/tex/latex/base/size10.c
lo
File: size10.clo 2004/02/16 v1.4f Standard LaTeX file (size option)
)
\c@part=\count79
\c@section=\count80
\c@subsection=\count81
\c@subsubsection=\count82
\c@paragraph=\count83
\c@subparagraph=\count84
\c@figure=\count85
\c@table=\count86
\abovecaptionskip=\skip41
\belowcaptionskip=\skip42
\bibindent=\dimen102
)
(/quadly/swt/linuxtools/apps/teTeX-3.0/share/texmf-dist/tex/latex/base/latexsym
.sty
Package: latexsym 1998/08/17 v2.2e Standard LaTeX package (lasy symbols)
\symlasy=\mathgroup4
LaTeX Font Info:    Overwriting symbol font `lasy' in version `bold'
(Font)                  U/lasy/m/n --> U/lasy/b/n on input line 47.
)
(/quadly/swt/linuxtools/apps/teTeX-3.0/share/texmf-dist/tex/latex/a4wide/a4wide
.sty
Package: a4wide 1994/08/30

(/quadly/swt/linuxtools/apps/teTeX-3.0/share/texmf-dist/tex/latex/ntgclass/a4.s
ty
Package: a4 2004/04/15 v1.2g A4 based page layout
))
(/quadly/swt/linuxtools/apps/teTeX-3.0/share/texmf-dist/tex/latex/kiv/logicdefs
.sty
Package: logicdefs 1997/05/01 KIV logical connectives

(/quadly/swt/linuxtools/apps/teTeX-3.0/share/texmf-dist/tex/latex/kiv/kivxspace
.sty
Package: kivxspace 1997/05/01 KIV Space after command names
))
(/quadly/swt/linuxtools/apps/teTeX-3.0/share/texmf-dist/tex/latex/amsfonts/amss
ymb.sty
Package: amssymb 2002/01/22 v2.2d

(/quadly/swt/linuxtools/apps/teTeX-3.0/share/texmf-dist/tex/latex/amsfonts/amsf
onts.sty
Package: amsfonts 2001/10/25 v2.2f
\@emptytoks=\toks14
\symAMSa=\mathgroup5
\symAMSb=\mathgroup6
LaTeX Font Info:    Overwriting math alphabet `\mathfrak' in version `bold'
(Font)                  U/euf/m/n --> U/euf/b/n on input line 132.
))
(/quadly/swt/linuxtools/apps/teTeX-3.0/share/texmf-dist/tex/latex/supertabular/
supertabular.sty
Package: supertabular 2004/02/20 v4.1e the supertabular environment
\c@tracingst=\count87
\ST@wd=\dimen103
\ST@rightskip=\skip43
\ST@leftskip=\skip44
\ST@parfillskip=\skip45
\ST@pageleft=\dimen104
\ST@headht=\dimen105
\ST@tailht=\dimen106
\ST@pagesofar=\dimen107
\ST@pboxht=\dimen108
\ST@lineht=\dimen109
\ST@stretchht=\dimen110
\ST@prevht=\dimen111
\ST@toadd=\dimen112
\ST@dimen=\dimen113
\ST@pbox=\box26
)
No file Mega-statistic.aux.
\openout1 = `Mega-statistic.aux'.

LaTeX Font Info:    Checking defaults for OML/cmm/m/it on input line 8.
LaTeX Font Info:    ... okay on input line 8.
LaTeX Font Info:    Checking defaults for T1/cmr/m/n on input line 8.
LaTeX Font Info:    ... okay on input line 8.
LaTeX Font Info:    Checking defaults for OT1/cmr/m/n on input line 8.
LaTeX Font Info:    ... okay on input line 8.
LaTeX Font Info:    Checking defaults for OMS/cmsy/m/n on input line 8.
LaTeX Font Info:    ... okay on input line 8.
LaTeX Font Info:    Checking defaults for OMX/cmex/m/n on input line 8.
LaTeX Font Info:    ... okay on input line 8.
LaTeX Font Info:    Checking defaults for U/cmr/m/n on input line 8.
LaTeX Font Info:    ... okay on input line 8.
LaTeX Font Info:    Try loading font information for OMS+cmr on input line 12.

(/quadly/swt/linuxtools/apps/teTeX-3.0/share/texmf-dist/tex/latex/base/omscmr.f
d
File: omscmr.fd 1999/05/25 v2.5h Standard LaTeX font definitions
)
LaTeX Font Info:    Font shape `OMS/cmr/m/n' in size <10> not available
(Font)              Font shape `OMS/cmsy/m/n' tried instead on input line 12.
LaTeX Font Info:    Try loading font information for U+lasy on input line 22.

(/quadly/swt/linuxtools/apps/teTeX-3.0/share/texmf-dist/tex/latex/base/ulasy.fd
File: ulasy.fd 1998/08/17 v2.2e LaTeX symbol font definitions
)
LaTeX Font Info:    Try loading font information for U+msa on input line 22.

(/quadly/swt/linuxtools/apps/teTeX-3.0/share/texmf-dist/tex/latex/amsfonts/umsa
.fd
File: umsa.fd 2002/01/19 v2.2g AMS font definitions
)
LaTeX Font Info:    Try loading font information for U+msb on input line 22.

(/quadly/swt/linuxtools/apps/teTeX-3.0/share/texmf-dist/tex/latex/amsfonts/umsb
.fd
File: umsb.fd 2002/01/19 v2.2g AMS font definitions
) [1

] [2] [3] [4] [5] [6] (./Mega-statistic.aux) ) 
Here is how much of TeX's memory you used:
 774 strings out of 94501
 9916 string characters out of 1172552
 62121 words of memory out of 1000000
 3977 multiletter control sequences out of 10000+50000
 6296 words of font info for 28 fonts, out of 500000 for 2000
 580 hyphenation exceptions out of 1000
 24i,6n,24p,186b,157s stack positions out of 1500i,500n,5000p,200000b,5000s

Output written on Mega-statistic.dvi (6 pages, 29432 bytes).
