This is TeX, Version 3.14159 (C version 6.1) (format=latex 97.3.17)  21 DEC 1998 19:16
**one-01.tex
(one-01.tex
LaTeX2e <1996/12/01> patch level 1
Babel <v3.6h> and hyphenation patterns for american, german, loaded.
(/tools/apps/teTeX-0.4/texmf/tex/latex/base/article.cls
Document Class: article 1996/10/31 v1.3u Standard LaTeX document class
(/tools/apps/teTeX-0.4/texmf/tex/latex/base/size10.clo
File: size10.clo 1996/10/31 v1.3u Standard LaTeX file (size option)
)
\c@part=\count79
\c@section=\count80
\c@subsection=\count81
\c@subsubsection=\count82
\c@paragraph=\count83
\c@subparagraph=\count84
\c@figure=\count85
\c@table=\count86
\abovecaptionskip=\skip41
\belowcaptionskip=\skip42
\bibindent=\dimen102
)
(/tools/apps/teTeX-0.4/texmf/tex/latex/base/latexsym.sty
Package: latexsym 1996/11/20 v2.2d Standard LaTeX package (lasy symbols)
\symlasy=\mathgroup4
LaTeX Font Info:    Overwriting symbol font `lasy' in version `bold'
(Font)                  U/lasy/m/n --> U/lasy/b/n on input line 85.
)
(/tools/apps/teTeX-0.4/texmf/tex/latex/misc/a4wide.sty
Package: a4wide 1994/08/30

(/tools/apps/teTeX-0.4/texmf/tex/latex/ntgclass/a4.sty
Package: a4 1995/09/25 v1.2e A4 based page layout
))
No file one-01.aux.
LaTeX Font Info:    Checking defaults for OML/cmm/m/it on input line 65.
LaTeX Font Info:    ... okay on input line 65.
LaTeX Font Info:    Checking defaults for T1/cmr/m/n on input line 65.
LaTeX Font Info:    ... okay on input line 65.
LaTeX Font Info:    Checking defaults for OT1/cmr/m/n on input line 65.
LaTeX Font Info:    ... okay on input line 65.
LaTeX Font Info:    Checking defaults for OMS/cmsy/m/n on input line 65.
LaTeX Font Info:    ... okay on input line 65.
LaTeX Font Info:    Checking defaults for OMX/cmex/m/n on input line 65.
LaTeX Font Info:    ... okay on input line 65.
LaTeX Font Info:    Checking defaults for U/cmr/m/n on input line 65.
LaTeX Font Info:    ... okay on input line 65.
(one-01-tree.tex)
LaTeX Font Info:    External font `cmex10' loaded for size
(Font)              <7> on input line 75.
LaTeX Font Info:    External font `cmex10' loaded for size
(Font)              <5> on input line 75.
LaTeX Font Info:    Try loading font information for U+lasy on input line 75.
 (/tools/apps/teTeX-0.4/texmf/tex/latex/base/ulasy.fd
File: ulasy.fd 1996/11/20 v2.2dLaTeX symbol font definitions
)
LaTeX Font Info:    Try loading font information for OMS+cmr on input line 86.

(/tools/apps/teTeX-0.4/texmf/tex/latex/base/omscmr.fd
File: omscmr.fd 1997/01/14 v2.5a Standard LaTeX font definitions
)
LaTeX Font Info:    Font shape `OMS/cmr/m/n' in size <10> not available
(Font)              Font shape `OMS/cmsy/m/n' tried instead on input line 86.
 [1

] [2] (one-01.aux) ) 
Here is how much of TeX's memory you used:
 320 strings out of 10906
 3221 string characters out of 72040
 49229 words of memory out of 262141
 3244 multiletter control sequences out of 9500
 4610 words of font info for 19 fonts, out of 150000 for 255
 14 hyphenation exceptions out of 607
 23i,5n,19p,165b,224s stack positions out of 300i,40n,60p,3000b,4000s

Output written on one-01.dvi (2 pages, 3908 bytes).
